Flutter crash report.
Please report a bug at https://github.com/flutter/flutter/issues.

## command

flutter create . --org pro.recorrd.app

## exception

ProcessPackageException: ProcessException: Failed to find "/home/sigmadev/jdk-21.0.1/bin/bin/java" in the search path.
  Command: /home/sigmadev/jdk-21.0.1/bin/bin/java 

```
#0      LocalProcessManager.runSync (package:process/src/interface/local_process_manager.dart:118:7)
#1      ErrorHandlingProcessManager.runSync.<anonymous closure> (package:flutter_tools/src/base/error_handling_io.dart:714:24)
#2      _runSync (package:flutter_tools/src/base/error_handling_io.dart:590:14)
#3      ErrorHandlingProcessManager.runSync (package:flutter_tools/src/base/error_handling_io.dart:713:12)
#4      _DefaultProcessUtils.runSync (package:flutter_tools/src/base/process.dart:377:51)
#5      Java.version.<anonymous closure> (package:flutter_tools/src/android/java.dart:139:44)
#6      Java.version (package:flutter_tools/src/android/java.dart:179:5)
#7      Java.version (package:flutter_tools/src/android/java.dart)
#8      CreateCommand.runCommand (package:flutter_tools/src/commands/create.dart:510:41)
<asynchronous suspension>
#9      FlutterCommand.run.<anonymous closure> (package:flutter_tools/src/runner/flutter_command.dart:1350:27)
<asynchronous suspension>
#10     AppContext.run.<anonymous closure> (package:flutter_tools/src/base/context.dart:150:19)
<asynchronous suspension>
#11     CommandRunner.runCommand (package:args/command_runner.dart:212:13)
<asynchronous suspension>
#12     FlutterCommandRunner.runCommand.<anonymous closure> (package:flutter_tools/src/runner/flutter_command_runner.dart:348:9)
<asynchronous suspension>
#13     AppContext.run.<anonymous closure> (package:flutter_tools/src/base/context.dart:150:19)
<asynchronous suspension>
#14     FlutterCommandRunner.runCommand (package:flutter_tools/src/runner/flutter_command_runner.dart:294:5)
<asynchronous suspension>
#15     run.<anonymous closure>.<anonymous closure> (package:flutter_tools/runner.dart:112:9)
<asynchronous suspension>
#16     AppContext.run.<anonymous closure> (package:flutter_tools/src/base/context.dart:150:19)
<asynchronous suspension>
#17     main (package:flutter_tools/executable.dart:90:3)
<asynchronous suspension>
```

## flutter doctor

```
[32m[✓][39m Flutter (Channel stable, 3.16.3, on Zorin OS 16.3 5.15.0-89-generic, locale en_US.UTF-8)
    [32m•[39m Flutter version 3.16.3 on channel stable at /home/sigmadev/snap/flutter/common/flutter
    [32m•[39m Upstream repository https://github.com/flutter/flutter.git
    [32m•[39m Framework revision b0366e0a3f (3 weeks ago), 2023-12-05 19:46:39 -0800
    [32m•[39m Engine revision 54a7145303
    [32m•[39m Dart version 3.2.3
    [32m•[39m DevTools version 2.28.4

[31m[✗][39m Android toolchain - develop for Android devices
    [31m✗[39m Unable to locate Android SDK.
      Install Android Studio from: https://developer.android.com/studio/index.html
      On first launch it will assist you in installing the Android SDK components.
      (or visit https://flutter.dev/docs/get-started/install/linux#android-setup for detailed instructions).
      If the Android SDK has been installed to a custom location, please use
      `flutter config --android-sdk` to update to that location.


[32m[✓][39m Chrome - develop for the web
    [32m•[39m Chrome at google-chrome

[32m[✓][39m Linux toolchain - develop for Linux desktop
    [32m•[39m clang version 10.0.0-4ubuntu1
    [32m•[39m cmake version 3.16.3
    [32m•[39m ninja version 1.10.0
    [32m•[39m pkg-config version 0.29.1

[33m[!][39m Android Studio (not installed)
    [32m•[39m Android Studio not found; download from https://developer.android.com/studio/index.html
      (or visit https://flutter.dev/docs/get-started/install/linux#android-setup for detailed instructions).

[32m[✓][39m VS Code (version unknown)
    [32m•[39m VS Code at /snap/code/current
    [32m•[39m Flutter extension version 3.78.0
    [31m✗[39m Unable to determine VS Code version.

[32m[✓][39m Connected device (2 available)
    [32m•[39m Linux (desktop) • linux  • linux-x64      • Zorin OS 16.3 5.15.0-89-generic
    [32m•[39m Chrome (web)    • chrome • web-javascript • Google Chrome 119.0.6045.199

[32m[✓][39m Network resources
    [32m•[39m All expected network resources are available.

[33m![39m Doctor found issues in 2 categories.
```
